[ Info: Listening on: 0.0.0.0:18866
[ Info: /portfolio/index.html 200
[ Info: /portfolio/portfolio.js 200
[ Info: /portfolio/img/apex-column-line.png 200
[ Info: /portfolio/img/am-world-timeline.png 200
[ Info: /portfolio/img/nature.jpg 200
[ Info: /portfolio/img/p3.jpg 200
[ Info: /portfolio/img/mountains.jpg 200
[ Info: /portfolio/index.html 200
[ Info: /favicon.ico 200
[ Info: /portfolio/index.html 200
[ Info: /portfolio/img/apex-column-line.png 200
[ Info: /portfolio/portfolio.js 200
[ Info: /favicon.ico 200
[ Info: /portfolio/img/mountains.jpg 200
[ Info: /portfolio/img/am-world-timeline.png 200
[ Info: /portfolio/img/nature.jpg 200
[ Info: /portfolio/img/p3.jpg 200
[ Info: /portfolio/index.html 200
[ Info: /portfolio/img/apex-column-line.png 200
[ Info: /portfolio/portfolio.js 200
[ Info: /portfolio/img/am-world-timeline.png 200
[ Info: /portfolio/img/mountains.jpg 200
[ Info: /portfolio/img/p3.jpg 200
[ Info: /portfolio/img/nature.jpg 200
[ Info: /portfolio/index.html 200
[ Info: /portfolio/img/apex-column-line.png 200
[ Info: /portfolio/portfolio.js 200
[ Info: /portfolio/img/am-world-timeline.png 200
[ Info: /portfolio/img/nature.jpg 200
[ Info: /portfolio/img/mountains.jpg 200
[ Info: /portfolio/img/p3.jpg 200
[ Info: /portfolio/index.html 200
[ Info: /portfolio/portfolio.js 200
[ Info: /portfolio/img/apex-column-line.png 200
[ Info: /portfolio/img/am-world-timeline.png 200
[ Info: /portfolio/img/nature.jpg 200
[ Info: /portfolio/img/mountains.jpg 200
[ Info: /portfolio/img/p3.jpg 200
[ Info: /portfolio/index.html 200
[ Info: /portfolio/portfolio.js 200
[ Info: /portfolio/img/apex-column-line.png 200
[ Info: /portfolio/img/am-world-timeline.png 200
[ Info: /portfolio/img/mountains.jpg 200
[ Info: /portfolio/img/p3.jpg 200
[ Info: /portfolio/img/nature.jpg 200
[ Info: /portfolio/index.html 200
[ Info: /portfolio/img/apex-column-line.png 200
[ Info: /portfolio/portfolio.js 200
[ Info: /portfolio/img/am-world-timeline.png 200
[ Info: /portfolio/img/p3.jpg 200
[ Info: /portfolio/img/nature.jpg 200
[ Info: /portfolio/img/mountains.jpg 200
[ Info: /portfolio/index.html 200
[ Info: /portfolio/img/apex-column-line.png 200
[ Info: /portfolio/portfolio.js 200
[ Info: /portfolio/img/am-world-timeline.png 200
[ Info: /portfolio/img/p3.jpg 200
[ Info: /portfolio/img/nature.jpg 200
[ Info: /portfolio/img/mountains.jpg 200
[ Info: /portfolio/index.html 200
[ Info: /portfolio/portfolio.js 200
[ Info: /portfolio/img/apex-column-line.png 200
[ Info: /portfolio/img/am-world-timeline.png 200
[ Info: /portfolio/img/nature.jpg 200
[ Info: /portfolio/img/p3.jpg 200
[ Info: /portfolio/img/mountains.jpg 200
[ Info: /portfolio/index.html 200
[ Info: /favicon.ico 200
[ Info: /portfolio/index.html 200
[ Info: /portfolio/img/apex-column-line.png 200
[ Info: /portfolio/portfolio.js 200
[ Info: /favicon.ico 200
[ Info: /portfolio/img/am-world-timeline.png 200
[ Info: /portfolio/img/mountains.jpg 200
[ Info: /portfolio/img/nature.jpg 200
[ Info: /portfolio/img/p3.jpg 200
[ Info: /portfolio/index.html 200
[ Info: /portfolio/img/apex-column-line.png 200
[ Info: /portfolio/portfolio.js 200
[ Info: /portfolio/img/am-world-timeline.png 200
[ Info: /portfolio/img/p3.jpg 200
[ Info: /portfolio/img/mountains.jpg 200
[ Info: /portfolio/img/nature.jpg 200
[ Info: /portfolio/index.html 200
[ Info: /portfolio/img/apex-column-line.png 200
[ Info: /portfolio/portfolio.js 200
[ Info: /portfolio/img/am-world-timeline.png 200
[ Info: /portfolio/img/p3.jpg 200
[ Info: /portfolio/img/mountains.jpg 200
[ Info: /portfolio/img/nature.jpg 200
[ Info: /portfolio/index.html 200
[ Info: /portfolio/img/apex-column-line.png 200
[ Info: /portfolio/portfolio.js 200
[ Info: /portfolio/img/am-world-timeline.png 200
[ Info: /portfolio/img/nature.jpg 200
[ Info: /portfolio/img/p3.jpg 200
[ Info: /portfolio/img/mountains.jpg 200
[ Info: /portfolio/index.html 200
[ Info: /portfolio/portfolio.js 200
[ Info: /portfolio/img/nature.jpg 200
[ Info: /portfolio/img/am-world-timeline.png 200
[ Info: /portfolio/img/apex-column-line.png 200
[ Info: /portfolio/img/mountains.jpg 200
[ Info: /portfolio/img/p3.jpg 200
[ Info: /portfolio/index.html 200
[ Info: /portfolio/img/nature.jpg 200
[ Info: /portfolio/img/mountains.jpg 200
[ Info: /portfolio/img/am-world-timeline.png 200
[ Info: /portfolio/img/apex-column-line.png 200
[ Info: /portfolio/img/p3.jpg 200
[ Info: /portfolio/portfolio.js 200
[ Info: /portfolio/index.html 200
[ Info: /portfolio/portfolio.js 200
[ Info: /portfolio/img/apex-column-line.png 200
[ Info: /portfolio/img/am-world-timeline.png 200
[ Info: /portfolio/img/nature.jpg 200
[ Info: /portfolio/img/p3.jpg 200
[ Info: /portfolio/img/mountains.jpg 200
[ Info: /portfolio/index.html 200
[ Info: /portfolio/portfolio.js 200
[ Info: /portfolio/img/mountains.jpg 200
[ Info: /portfolio/img/p3.jpg 200
[ Info: /portfolio/img/am-world-timeline.png 200
[ Info: /portfolio/img/nature.jpg 200
[ Info: /portfolio/img/apex-column-line.png 200
[ Info: /portfolio/index.html 200
[ Info: /portfolio/portfolio.js 200
[ Info: /portfolio/img/mountains.jpg 200
[ Info: /portfolio/img/am-world-timeline.png 200
[ Info: /portfolio/img/nature.jpg 200
[ Info: /portfolio/img/apex-column-line.png 200
[ Info: /portfolio/img/p3.jpg 200
[ Info: /portfolio/index.html 200
[ Info: /portfolio/img/nature.jpg 200
[ Info: /portfolio/img/mountains.jpg 200
[ Info: /portfolio/img/p3.jpg 200
[ Info: /portfolio/img/am-world-timeline.png 200
[ Info: /portfolio/img/apex-column-line.png 200
[ Info: /portfolio/portfolio.js 200
[ Info: /portfolio/index.html 200
[ Info: /portfolio/img/nature.jpg 200
[ Info: /portfolio/img/am-world-timeline.png 200
[ Info: /portfolio/img/apex-column-line.png 200
[ Info: /portfolio/portfolio.js 200
[ Info: /portfolio/img/mountains.jpg 200
[ Info: /portfolio/img/p3.jpg 200
[ Info: /portfolio/index.html 200
[ Info: /portfolio/img/nature.jpg 200
[ Info: /portfolio/img/am-world-timeline.png 200
[ Info: /portfolio/img/apex-column-line.png 200
[ Info: /portfolio/portfolio.js 200
[ Info: /portfolio/img/p3.jpg 200
[ Info: /portfolio/img/mountains.jpg 200
[ Info: /portfolio/index.html 200
[ Info: /portfolio/portfolio.js 200
[ Info: /portfolio/img/nature.jpg 200
[ Info: /portfolio/img/am-world-timeline.png 200
[ Info: /portfolio/img/apex-column-line.png 200
[ Info: /portfolio/img/mountains.jpg 200
[ Info: /portfolio/img/p3.jpg 200
[ Info: /portfolio/index.html 200
[ Info: /portfolio/portfolio.js 200
[ Info: /portfolio/img/apex-column-line.png 200
[ Info: /portfolio/img/p3.jpg 200
[ Info: /portfolio/img/mountains.jpg 200
[ Info: /portfolio/img/nature.jpg 200
[ Info: /portfolio/img/am-world-timeline.png 200
[ Info: /portfolio/index.html 200
[ Info: /portfolio/portfolio.js 200
[ Info: /portfolio/img/nature.jpg 200
[ Info: /portfolio/img/am-world-timeline.png 200
[ Info: /portfolio/img/apex-column-line.png 200
[ Info: /portfolio/img/mountains.jpg 200
[ Info: /portfolio/img/p3.jpg 200
[ Info: /portfolio/index.html 200
[ Info: /portfolio/portfolio.js 200
[ Info: /portfolio/img/nature.jpg 200
[ Info: /portfolio/img/am-world-timeline.png 200
[ Info: /portfolio/img/apex-column-line.png 200
[ Info: /portfolio/img/mountains.jpg 200
[ Info: /portfolio/img/p3.jpg 200
[ Info: /portfolio/index.html 200
[ Info: /portfolio/portfolio.js 200
[ Info: /portfolio/img/nature.jpg 200
[ Info: /portfolio/img/am-world-timeline.png 200
[ Info: /portfolio/img/apex-column-line.png 200
[ Info: /portfolio/img/mountains.jpg 200
[ Info: /portfolio/img/p3.jpg 200
[ Info: /portfolio/index.html 200
[ Info: /portfolio/img/am-world-timeline.png 200
[ Info: /portfolio/img/nature.jpg 200
[ Info: /portfolio/img/apex-column-line.png 200
[ Info: /portfolio/portfolio.js 200
[ Info: /portfolio/img/mountains.jpg 200
[ Info: /portfolio/img/p3.jpg 200
[ Info: /portfolio/index.html 200
[ Info: /portfolio/img/nature.jpg 200
[ Info: /portfolio/portfolio.js 200
[ Info: /portfolio/img/mountains.jpg 200
[ Info: /portfolio/img/p3.jpg 200
[ Info: /portfolio/img/am-world-timeline.png 200
[ Info: /portfolio/img/apex-column-line.png 200
[ Info: /portfolio/index.html 200
[ Info: /portfolio/img/apex-column-line.png 200
[ Info: /portfolio/img/p3.jpg 200
[ Info: /portfolio/img/mountains.jpg 200
[ Info: /portfolio/img/nature.jpg 200
[ Info: /portfolio/img/am-world-timeline.png 200
[ Info: /portfolio/portfolio.js 200
[ Info: /hi 200
[ Info: /portfolio/index.html 200
[ Info: /portfolio/portfolio.js 200
[ Info: /portfolio/img/apex-column-line.png 200
[ Info: /portfolio/img/mountains.jpg 200
[ Info: /portfolio/img/nature.jpg 200
[ Info: /portfolio/img/am-world-timeline.png 200
[ Info: /portfolio/img/p3.jpg 200
[ Info: /portfolio/index.html 200
[ Info: /portfolio/img/am-world-timeline.png 200
[ Info: /portfolio/img/mountains.jpg 200
[ Info: /portfolio/img/p3.jpg 200
[ Info: /portfolio/img/nature.jpg 200
[ Info: /portfolio/img/apex-column-line.png 200
[ Info: /portfolio/portfolio.js 200
[ Info: /portfolio/index.html 200
[ Info: /portfolio/img/mountains.jpg 200
[ Info: /portfolio/img/nature.jpg 200
[ Info: /portfolio/img/p3.jpg 200
[ Info: /portfolio/img/am-world-timeline.png 200
[ Info: /portfolio/img/apex-column-line.png 200
[ Info: /portfolio/portfolio.js 200
[ Info: /portfolio/index.html 200
[ Info: /portfolio/img/am-world-timeline.png 200
[ Info: /portfolio/img/mountains.jpg 200
[ Info: /portfolio/img/apex-column-line.png 200
[ Info: /portfolio/img/nature.jpg 200
[ Info: /portfolio/portfolio.js 200
[ Info: /portfolio/img/p3.jpg 200
[ Info: /portfolio/index.html 200
[ Info: /portfolio/img/p3.jpg 200
[ Info: /portfolio/img/mountains.jpg 200
[ Info: /portfolio/img/nature.jpg 200
[ Info: /portfolio/img/am-world-timeline.png 200
[ Info: /portfolio/portfolio.js 200
[ Info: /portfolio/img/apex-column-line.png 200
[ Info: /hi 200
[ Info: /hi 200
[ Info: /hi 200
[ Info: /hi 200
[ Info: /portfolio/index.html 200
[ Info: /portfolio/portfolio.js 200
[ Info: /portfolio/img/mountains.jpg 200
[ Info: /portfolio/img/nature.jpg 200
[ Info: /portfolio/img/am-world-timeline.png 200
[ Info: /portfolio/img/apex-column-line.png 200
[ Info: /portfolio/img/p3.jpg 200
[ Info: /hi 200
[ Info: /portfolio/index.html 200
[ Info: /portfolio/img/am-world-timeline.png 200
[ Info: /portfolio/img/mountains.jpg 200
[ Info: /portfolio/img/nature.jpg 200
[ Info: /portfolio/img/apex-column-line.png 200
[ Info: /portfolio/portfolio.js 200
[ Info: /portfolio/img/p3.jpg 200
[ Info: /hi 200
[ Info: /portfolio/index.html 200
[ Info: /portfolio/img/nature.jpg 200
[ Info: /portfolio/img/mountains.jpg 200
[ Info: /portfolio/img/am-world-timeline.png 200
[ Info: /portfolio/img/apex-column-line.png 200
[ Info: /portfolio/portfolio.js 200
[ Info: /portfolio/img/p3.jpg 200
[ Info: /hi 200
[ Info: /portfolio/index.html 200
[ Info: /portfolio/img/nature.jpg 200
[ Info: /portfolio/img/mountains.jpg 200
[ Info: /portfolio/img/am-world-timeline.png 200
[ Info: /portfolio/portfolio.js 200
[ Info: /portfolio/img/apex-column-line.png 200
[ Info: /portfolio/img/p3.jpg 200
[ Info: /hi 200
[ Info: /hi 200
[ Info: /portfolio/index.html 200
[ Info: /favicon.ico 200
[ Info: /portfolio/index.html 200
[ Info: /portfolio/portfolio.js 200
[ Info: /portfolio/img/am-world-timeline.png 200
[ Info: /portfolio/img/mountains.jpg 200
[ Info: /portfolio/img/nature.jpg 200
[ Info: /portfolio/img/apex-column-line.png 200
[ Info: /favicon.ico 200
[ Info: /portfolio/img/p3.jpg 200
[ Info: /portfolio/index.html 200
[ Info: /portfolio/img/apex-column-line.png 200
[ Info: /portfolio/img/mountains.jpg 200
[ Info: /portfolio/img/nature.jpg 200
[ Info: /portfolio/img/am-world-timeline.png 200
[ Info: /portfolio/portfolio.js 200
[ Info: /portfolio/img/p3.jpg 200
[ Info: /hi 200
[ Info: /hi 200
[ Info: /portfolio/index.html 200
[ Info: /portfolio/portfolio.js 200
[ Info: /portfolio/img/p3.jpg 200
[ Info: /portfolio/img/am-world-timeline.png 200
[ Info: /portfolio/img/mountains.jpg 200
[ Info: /portfolio/img/nature.jpg 200
[ Info: /portfolio/img/apex-column-line.png 200
[ Info: /hi 200
[ Info: /hi 200
[ Info: /hi 200
[ Info: /hi 200
[ Info: /hi 200
[ Info: /portfolio/index.html 200
[ Info: /portfolio/portfolio.js 200
[ Info: /portfolio/img/p3.jpg 200
[ Info: /portfolio/img/mountains.jpg 200
[ Info: /portfolio/img/nature.jpg 200
[ Info: /portfolio/img/am-world-timeline.png 200
[ Info: /portfolio/img/apex-column-line.png 200
[ Info: /hi 200
[ Info: /hi 200
[ Info: /portfolio/index.html 200
[ Info: /portfolio/img/am-world-timeline.png 200
[ Info: /portfolio/img/mountains.jpg 200
[ Info: /portfolio/img/nature.jpg 200
[ Info: /portfolio/img/p3.jpg 200
[ Info: /portfolio/img/apex-column-line.png 200
[ Info: /portfolio/portfolio.js 200
[ Info: /portfolio/index.html 200
[ Info: /portfolio/img/mountains.jpg 200
[ Info: /portfolio/img/nature.jpg 200
[ Info: /portfolio/img/am-world-timeline.png 200
[ Info: /portfolio/img/p3.jpg 200
[ Info: /portfolio/img/apex-column-line.png 200
[ Info: /portfolio/portfolio.js 200
[ Info: /portfolio/index.html 200
[ Info: /portfolio/index.html 200
[ Info: /portfolio/portfolio.js 200
[ Info: /portfolio/img/am-world-timeline.png 200
[ Info: /portfolio/img/nature.jpg 200
[ Info: /portfolio/img/apex-column-line.png 200
[ Info: /portfolio/img/mountains.jpg 200
[ Info: /portfolio/img/p3.jpg 200
[ Info: /portfolio/portfolio.js 200
[ Info: /portfolio/img/am-world-timeline.png 200
[ Info: /portfolio/img/nature.jpg 200
[ Info: /portfolio/img/apex-column-line.png 200
[ Info: /portfolio/img/mountains.jpg 200
[ Info: /portfolio/img/p3.jpg 200
[ Info: /portfolio/index.html 200
[ Info: /portfolio/portfolio.js 200
[ Info: /portfolio/img/mountains.jpg 200
[ Info: /portfolio/img/nature.jpg 200
[ Info: /portfolio/img/am-world-timeline.png 200
[ Info: /portfolio/img/apex-column-line.png 200
[ Info: /portfolio/img/p3.jpg 200
[ Info: /hi 200
[ Info: /hi 200
[ Info: /hi 200
[ Info: /hi 200
[ Info: /hi 200
[ Info: /hi 200
[ Info: /portfolio/index.html 200
[ Info: /portfolio/portfolio.js 200
[ Info: /portfolio/img/p3.jpg 200
[ Info: /portfolio/img/mountains.jpg 200
[ Info: /portfolio/img/nature.jpg 200
[ Info: /portfolio/img/am-world-timeline.png 200
[ Info: /portfolio/img/apex-column-line.png 200
[ Info: /portfolio/index.html 200
[ Info: /portfolio/portfolio.js 200
[ Info: /portfolio/img/am-world-timeline.png 200
[ Info: /portfolio/img/apex-column-line.png 200
[ Info: /portfolio/img/p3.jpg 200
[ Info: /portfolio/img/mountains.jpg 200
[ Info: /portfolio/img/nature.jpg 200
[ Info: /portfolio/index.html 200
[ Info: /portfolio/portfolio.js 200
[ Info: /portfolio/img/p3.jpg 200
[ Info: /portfolio/img/mountains.jpg 200
[ Info: /portfolio/img/nature.jpg 200
[ Info: /portfolio/img/am-world-timeline.png 200
[ Info: /portfolio/img/apex-column-line.png 200
[ Info: /hi 200
[ Info: /hi 200
[ Info: /hi 200
[ Info: /hi 200
[ Info: /hi 200
[ Info: /hi 200
[ Info: /portfolio/index.html 200
[ Info: /portfolio/img/p3.jpg 200
[ Info: /portfolio/img/mountains.jpg 200
[ Info: /portfolio/img/nature.jpg 200
[ Info: /portfolio/img/am-world-timeline.png 200
[ Info: /portfolio/img/apex-column-line.png 200
[ Info: /portfolio/portfolio.js 200
[ Info: /portfolio/index.html 200
[ Info: /portfolio/img/p3.jpg 200
[ Info: /portfolio/img/mountains.jpg 200
[ Info: /portfolio/img/nature.jpg 200
[ Info: /portfolio/img/am-world-timeline.png 200
[ Info: /portfolio/img/apex-column-line.png 200
[ Info: /portfolio/portfolio.js 200
[ Info: /portfolio/index.html 200
[ Info: /portfolio/img/nature.jpg 200
[ Info: /portfolio/img/am-world-timeline.png 200
[ Info: /portfolio/img/apex-column-line.png 200
[ Info: /portfolio/portfolio.js 200
[ Info: /portfolio/img/mountains.jpg 200
[ Info: /portfolio/index.html 200
[ Info: /portfolio/img/p3.jpg 200
[ Info: /portfolio/portfolio.js 200
[ Info: /portfolio/img/apex-column-line.png 200
[ Info: /portfolio/img/am-world-timeline.png 200
[ Info: /portfolio/img/p3.jpg 200
[ Info: /portfolio/img/nature.jpg 200
[ Info: /portfolio/img/mountains.jpg 200
[ Info: /portfolio/index.html 200
[ Info: /portfolio/img/nature.jpg 200
[ Info: /portfolio/img/am-world-timeline.png 200
[ Info: /portfolio/img/mountains.jpg 200
[ Info: /portfolio/img/p3.jpg 200
[ Info: /portfolio/img/apex-column-line.png 200
[ Info: /portfolio/portfolio.js 200
[ Info: /hi 200
[ Info: /hi 200
[ Info: /portfolio/index.html 200
[ Info: /portfolio/index.html 200
[ Info: /portfolio/img/am-world-timeline.png 200
[ Info: /portfolio/img/apex-column-line.png 200
[ Info: /portfolio/portfolio.js 200
[ Info: /portfolio/img/nature.jpg 200
[ Info: /portfolio/img/mountains.jpg 200
[ Info: /portfolio/img/am-world-timeline.png 200
[ Info: /portfolio/img/apex-column-line.png 200
[ Info: /portfolio/img/nature.jpg 200
[ Info: /portfolio/img/mountains.jpg 200
[ Info: /portfolio/img/p3.jpg 200
[ Info: /portfolio/portfolio.js 200
[ Info: /portfolio/img/p3.jpg 200
[ Info: /portfolio/index.html 200
[ Info: /portfolio/index.html 200
[ Info: /portfolio/img/nature.jpg 200
[ Info: /portfolio/img/mountains.jpg 200
[ Info: /portfolio/img/am-world-timeline.png 200
[ Info: /portfolio/img/apex-column-line.png 200
[ Info: /portfolio/portfolio.js 200
[ Info: /portfolio/img/p3.jpg 200
[ Info: /portfolio/img/mountains.jpg 200
[ Info: /portfolio/img/nature.jpg 200
[ Info: /portfolio/img/am-world-timeline.png 200
[ Info: /portfolio/img/apex-column-line.png 200
[ Info: /portfolio/img/p3.jpg 200
[ Info: /portfolio/portfolio.js 200
[ Info: /portfolio/index.html 200
[ Info: /portfolio/portfolio.js 200
[ Info: /portfolio/img/p3.jpg 200
[ Info: /portfolio/img/mountains.jpg 200
[ Info: /portfolio/img/nature.jpg 200
[ Info: /portfolio/img/am-world-timeline.png 200
[ Info: /portfolio/img/apex-column-line.png 200
[ Info: /portfolio/index.html 200
[ Info: /portfolio/portfolio.js 200
[ Info: /portfolio/img/mountains.jpg 200
[ Info: /portfolio/img/nature.jpg 200
[ Info: /portfolio/img/am-world-timeline.png 200
[ Info: /portfolio/img/apex-column-line.png 200
[ Info: /portfolio/img/p3.jpg 200
[ Info: /portfolio/index.html 200
[ Info: /portfolio/portfolio.js 200
[ Info: /portfolio/img/mountains.jpg 200
[ Info: /portfolio/img/nature.jpg 200
[ Info: /portfolio/img/p3.jpg 200
[ Info: /portfolio/img/am-world-timeline.png 200
[ Info: /portfolio/img/apex-column-line.png 200
[ Info: /hi 200
[ Info: /hi 200
[ Info: /portfolio/index.html 200
[ Info: /portfolio/img/p3.jpg 200
[ Info: /portfolio/img/mountains.jpg 200
[ Info: /portfolio/img/nature.jpg 200
[ Info: /portfolio/img/am-world-timeline.png 200
[ Info: /portfolio/img/apex-column-line.png 200
[ Info: /portfolio/portfolio.js 200
[ Info: /portfolio/index.html 200
[ Info: /portfolio/img/p3.jpg 200
[ Info: /portfolio/img/mountains.jpg 200
[ Info: /portfolio/img/nature.jpg 200
[ Info: /portfolio/img/am-world-timeline.png 200
[ Info: /portfolio/img/apex-column-line.png 200
[ Info: /portfolio/portfolio.js 200
[ Info: /hi 200
[ Info: /hi 200
[ Info: /portfolio/index.html 200
[ Info: /portfolio/img/apex-column-line.png 200
[ Info: /portfolio/img/mountains.jpg 200
[ Info: /portfolio/img/nature.jpg 200
[ Info: /portfolio/img/am-world-timeline.png 200
[ Info: /portfolio/portfolio.js 200
[ Info: /portfolio/img/p3.jpg 200
[ Info: /portfolio/index.html 200
[ Info: /portfolio/img/mountains.jpg 200
[ Info: /portfolio/img/p3.jpg 200
[ Info: /portfolio/img/nature.jpg 200
[ Info: /portfolio/img/am-world-timeline.png 200
[ Info: /portfolio/img/apex-column-line.png 200
[ Info: /portfolio/portfolio.js 200
[ Info: /portfolio/index.html 200
[ Info: /portfolio/img/p3.jpg 200
[ Info: /portfolio/img/mountains.jpg 200
[ Info: /portfolio/img/nature.jpg 200
[ Info: /portfolio/img/am-world-timeline.png 200
[ Info: /portfolio/img/apex-column-line.png 200
[ Info: /portfolio/portfolio.js 200
[ Info: /hi 200
[ Info: /hi 200
[ Info: /hi 200
[ Info: /hi 200
[ Info: /hi 200
[ Info: /portfolio/index.html 200
[ Info: /portfolio/img/apex-column-line.png 200
[ Info: /portfolio/img/am-world-timeline.png 200
[ Info: /portfolio/img/mountains.jpg 200
[ Info: /portfolio/img/nature.jpg 200
[ Info: /portfolio/portfolio.js 200
[ Info: /portfolio/img/p3.jpg 200
[ Info: /hi 200
[ Info: /hi 200
[ Info: /portfolio/index.html 200
[ Info: /portfolio/img/mountains.jpg 200
[ Info: /portfolio/img/nature.jpg 200
[ Info: /portfolio/img/am-world-timeline.png 200
[ Info: /portfolio/img/apex-column-line.png 200
[ Info: /portfolio/portfolio.js 200
[ Info: /portfolio/img/p3.jpg 200
[ Info: /portfolio/index.html 200
[ Info: /portfolio/img/nature.jpg 200
[ Info: /portfolio/img/mountains.jpg 200
[ Info: /portfolio/img/am-world-timeline.png 200
[ Info: /portfolio/img/apex-column-line.png 200
[ Info: /portfolio/portfolio.js 200
[ Info: /portfolio/img/p3.jpg 200
[ Info: /hi 200
[ Info: /hi 200
[ Info: /hi 200
[ Info: /hi 200
[ Info: /hi 200
[ Info: /hi 200
[ Info: /hi 200
[ Info: /hi 200
[ Info: /hi 200
[ Info: /hi 200
[ Info: /hi 200
[ Info: /portfolio/index.html 200
[ Info: /portfolio/img/am-world-timeline.png 200
[ Info: /portfolio/img/apex-column-line.png 200
[ Info: /portfolio/img/mountains.jpg 200
[ Info: /portfolio/img/nature.jpg 200
[ Info: /portfolio/portfolio.js 200
[ Info: /portfolio/img/p3.jpg 200
[ Info: /hi 200
[ Info: /hi 200
[ Info: /hi 200
[ Info: /portfolio/index.html 200
[ Info: /portfolio/index.html 200
[ Info: /portfolio/img/apex-column-line.png 200
[ Info: /portfolio/img/mountains.jpg 200
[ Info: /portfolio/img/nature.jpg 200
[ Info: /portfolio/img/am-world-timeline.png 200
[ Info: /portfolio/portfolio.js 200
[ Info: /portfolio/img/p3.jpg 200
[ Info: /portfolio/portfolio.js 200
[ Info: /portfolio/img/apex-column-line.png 200
[ Info: /portfolio/img/am-world-timeline.png 200
[ Info: /portfolio/img/p3.jpg 200
[ Info: /portfolio/img/nature.jpg 200
[ Info: /portfolio/img/mountains.jpg 200
[ Info: /portfolio/index.html 200
[ Info: /portfolio/index.html 200
[ Info: /portfolio/img/nature.jpg 200
[ Info: /portfolio/img/am-world-timeline.png 200
[ Info: /portfolio/img/mountains.jpg 200
[ Info: /portfolio/img/apex-column-line.png 200
[ Info: /portfolio/img/nature.jpg 200
[ Info: /portfolio/portfolio.js 200
[ Info: /portfolio/img/am-world-timeline.png 200
[ Info: /portfolio/img/mountains.jpg 200
[ Info: /portfolio/img/apex-column-line.png 200
[ Info: /portfolio/img/p3.jpg 200
[ Info: /portfolio/img/p3.jpg 200
[ Info: /portfolio/portfolio.js 200
[ Info: /portfolio/index.html 200
[ Info: /portfolio/portfolio.js 200
[ Info: /portfolio/img/am-world-timeline.png 200
[ Info: /portfolio/img/nature.jpg 200
[ Info: /portfolio/img/p3.jpg 200
[ Info: /portfolio/img/mountains.jpg 200
[ Info: /portfolio/img/apex-column-line.png 200
[ Info: /portfolio/index.html 200
[ Info: /portfolio/img/mountains.jpg 200
[ Info: /portfolio/img/nature.jpg 200
[ Info: /portfolio/img/apex-column-line.png 200
[ Info: /portfolio/img/am-world-timeline.png 200
[ Info: /portfolio/portfolio.js 200
[ Info: /portfolio/img/p3.jpg 200
[ Info: /hi 200
[ Info: /hi 200
[ Info: /portfolio/index.html 200
[ Info: /portfolio/portfolio.js 200
[ Info: /portfolio/img/mountains.jpg 200
[ Info: /portfolio/img/nature.jpg 200
[ Info: /portfolio/img/p3.jpg 200
[ Info: /portfolio/img/am-world-timeline.png 200
[ Info: /portfolio/img/apex-column-line.png 200
[ Info: /portfolio/index.html 200
[ Info: /portfolio/portfolio.js 200
[ Info: /portfolio/img/p3.jpg 200
[ Info: /portfolio/img/mountains.jpg 200
[ Info: /portfolio/img/nature.jpg 200
[ Info: /portfolio/img/am-world-timeline.png 200
[ Info: /portfolio/img/apex-column-line.png 200
[ Info: /portfolio/index.html 200
[ Info: /portfolio/portfolio.js 200
[ Info: /portfolio/img/mountains.jpg 200
[ Info: /portfolio/img/nature.jpg 200
[ Info: /portfolio/img/am-world-timeline.png 200
[ Info: /portfolio/img/p3.jpg 200
[ Info: /portfolio/img/apex-column-line.png 200
┌ Error: (Base.IOError("read: connection reset by peer (ECONNRESET)", -104), Base.StackTraces.StackFrame[wait_readnb(::Sockets.TCPSocket, ::Int64) at stream.jl:350, eof at stream.jl:48 [inlined], read_to_buffer(::HTTP.ConnectionPool.Transaction{Sockets.TCPSocket}, ::Int64) at ConnectionPool.jl:251, readuntil(::HTTP.ConnectionPool.Transaction{Sockets.TCPSocket}, ::Function, ::Int64) at ConnectionPool.jl:271, readuntil at ConnectionPool.jl:269 [inlined], readheaders at Messages.jl:471 [inlined], startread(::HTTP.Streams.Stream{HTTP.Messages.Request,HTTP.ConnectionPool.Transaction{Sockets.TCPSocket}}) at Streams.jl:155, handle_transaction(::Genie.AppServer.var"#6#13"{Int64,Int64}, ::HTTP.ConnectionPool.Transaction{Sockets.TCPSocket}, ::HTTP.Servers.Server{Nothing,Sockets.TCPServer}; final_transaction::Bool) at Servers.jl:343, (::HTTP.Servers.var"#handle_transaction##kw")(::NamedTuple{(:final_transaction,),Tuple{Bool}}, ::typeof(HTTP.Servers.handle_transaction), ::Function, ::HTTP.ConnectionPool.Transaction{Sockets.TCPSocket}, ::HTTP.Servers.Server{Nothing,Sockets.TCPServer}) at Servers.jl:338, handle_connection(::Function, ::HTTP.ConnectionPool.Connection{Sockets.TCPSocket}, ::HTTP.Servers.Server{Nothing,Sockets.TCPServer}, ::Int64, ::Int64) at Servers.jl:299, (::HTTP.Servers.var"#8#9"{Genie.AppServer.var"#6#13"{Int64,Int64},HTTP.Servers.Server{Nothing,Sockets.TCPServer},Base.RefValue{Int64},Int64,Int64,Bool,HTTP.ConnectionPool.Connection{Sockets.TCPSocket}})() at task.jl:356])
└ @ HTTP.Servers ~/.julia/packages/HTTP/IAI92/src/Servers.jl:264
┌ Error: (Base.IOError("read: connection reset by peer (ECONNRESET)", -104), Base.StackTraces.StackFrame[wait_readnb(::Sockets.TCPSocket, ::Int64) at stream.jl:350, eof at stream.jl:48 [inlined], read_to_buffer(::HTTP.ConnectionPool.Transaction{Sockets.TCPSocket}, ::Int64) at ConnectionPool.jl:251, readuntil(::HTTP.ConnectionPool.Transaction{Sockets.TCPSocket}, ::Function, ::Int64) at ConnectionPool.jl:271, readuntil at ConnectionPool.jl:269 [inlined], readheaders at Messages.jl:471 [inlined], startread(::HTTP.Streams.Stream{HTTP.Messages.Request,HTTP.ConnectionPool.Transaction{Sockets.TCPSocket}}) at Streams.jl:155, handle_transaction(::Genie.AppServer.var"#6#13"{Int64,Int64}, ::HTTP.ConnectionPool.Transaction{Sockets.TCPSocket}, ::HTTP.Servers.Server{Nothing,Sockets.TCPServer}; final_transaction::Bool) at Servers.jl:343, (::HTTP.Servers.var"#handle_transaction##kw")(::NamedTuple{(:final_transaction,),Tuple{Bool}}, ::typeof(HTTP.Servers.handle_transaction), ::Function, ::HTTP.ConnectionPool.Transaction{Sockets.TCPSocket}, ::HTTP.Servers.Server{Nothing,Sockets.TCPServer}) at Servers.jl:338, handle_connection(::Function, ::HTTP.ConnectionPool.Connection{Sockets.TCPSocket}, ::HTTP.Servers.Server{Nothing,Sockets.TCPServer}, ::Int64, ::Int64) at Servers.jl:299, (::HTTP.Servers.var"#8#9"{Genie.AppServer.var"#6#13"{Int64,Int64},HTTP.Servers.Server{Nothing,Sockets.TCPServer},Base.RefValue{Int64},Int64,Int64,Bool,HTTP.ConnectionPool.Connection{Sockets.TCPSocket}})() at task.jl:356])
└ @ HTTP.Servers ~/.julia/packages/HTTP/IAI92/src/Servers.jl:264
┌ Error: error handling request
│   exception =
│    IOError: write: operation canceled (ECANCELED)
│    Stacktrace:
│     [1] uv_write(::Sockets.TCPSocket, ::Ptr{UInt8}, ::UInt64) at ./stream.jl:951
│     [2] unsafe_write(::Sockets.TCPSocket, ::Ptr{UInt8}, ::UInt64) at ./stream.jl:1005
│     [3] unsafe_write at /home/bohachu/.julia/packages/HTTP/IAI92/src/ConnectionPool.jl:171 [inlined]
│     [4] unsafe_write(::HTTP.Streams.Stream{HTTP.Messages.Request,HTTP.ConnectionPool.Transaction{Sockets.TCPSocket}}, ::Ptr{UInt8}, ::UInt64) at /home/bohachu/.julia/packages/HTTP/IAI92/src/Streams.jl:100
│     [5] unsafe_write at ./io.jl:622 [inlined]
│     [6] write at ./io.jl:645 [inlined]
│     [7] handle(::HTTP.Handlers.RequestHandlerFunction{typeof(Genie.AppServer.setup_http_handler)}, ::HTTP.Streams.Stream{HTTP.Messages.Request,HTTP.ConnectionPool.Transaction{Sockets.TCPSocket}}) at /home/bohachu/.julia/packages/HTTP/IAI92/src/Handlers.jl:279
│     [8] (::Genie.AppServer.var"#6#13"{Int64,Int64})(::HTTP.Streams.Stream{HTTP.Messages.Request,HTTP.ConnectionPool.Transaction{Sockets.TCPSocket}}) at /home/bohachu/.julia/packages/Genie/3rr2f/src/AppServer.jl:78
│     [9] macro expansion at /home/bohachu/.julia/packages/HTTP/IAI92/src/Servers.jl:367 [inlined]
│     [10] (::HTTP.Servers.var"#13#14"{Genie.AppServer.var"#6#13"{Int64,Int64},HTTP.ConnectionPool.Transaction{Sockets.TCPSocket},HTTP.Streams.Stream{HTTP.Messages.Request,HTTP.ConnectionPool.Transaction{Sockets.TCPSocket}}})() at ./task.jl:356
└ @ HTTP.Servers ~/.julia/packages/HTTP/IAI92/src/Servers.jl:373
┌ Error: (Base.IOError("read: connection reset by peer (ECONNRESET)", -104), Base.StackTraces.StackFrame[wait_readnb(::Sockets.TCPSocket, ::Int64) at stream.jl:350, eof at stream.jl:48 [inlined], read_to_buffer(::HTTP.ConnectionPool.Transaction{Sockets.TCPSocket}, ::Int64) at ConnectionPool.jl:251, readuntil(::HTTP.ConnectionPool.Transaction{Sockets.TCPSocket}, ::Function, ::Int64) at ConnectionPool.jl:271, readuntil at ConnectionPool.jl:269 [inlined], readheaders at Messages.jl:471 [inlined], startread(::HTTP.Streams.Stream{HTTP.Messages.Request,HTTP.ConnectionPool.Transaction{Sockets.TCPSocket}}) at Streams.jl:155, handle_transaction(::Genie.AppServer.var"#6#13"{Int64,Int64}, ::HTTP.ConnectionPool.Transaction{Sockets.TCPSocket}, ::HTTP.Servers.Server{Nothing,Sockets.TCPServer}; final_transaction::Bool) at Servers.jl:343, (::HTTP.Servers.var"#handle_transaction##kw")(::NamedTuple{(:final_transaction,),Tuple{Bool}}, ::typeof(HTTP.Servers.handle_transaction), ::Function, ::HTTP.ConnectionPool.Transaction{Sockets.TCPSocket}, ::HTTP.Servers.Server{Nothing,Sockets.TCPServer}) at Servers.jl:338, handle_connection(::Function, ::HTTP.ConnectionPool.Connection{Sockets.TCPSocket}, ::HTTP.Servers.Server{Nothing,Sockets.TCPServer}, ::Int64, ::Int64) at Servers.jl:299, (::HTTP.Servers.var"#8#9"{Genie.AppServer.var"#6#13"{Int64,Int64},HTTP.Servers.Server{Nothing,Sockets.TCPServer},Base.RefValue{Int64},Int64,Int64,Bool,HTTP.ConnectionPool.Connection{Sockets.TCPSocket}})() at task.jl:356])
└ @ HTTP.Servers ~/.julia/packages/HTTP/IAI92/src/Servers.jl:264
[ Info: /portfolio/index.html 200
[ Info: /portfolio/img/apex-column-line.png 200
[ Info: /portfolio/portfolio.js 200
[ Info: /portfolio/img/mountains.jpg 200
[ Info: /portfolio/img/p3.jpg 200
[ Info: /portfolio/img/nature.jpg 200
[ Info: /portfolio/img/am-world-timeline.png 200
[ Info: /portfolio/index.html 200
[ Info: /portfolio/img/apex-column-line.png 200
[ Info: /portfolio/img/p3.jpg 200
[ Info: /portfolio/img/am-world-timeline.png 200
[ Info: /portfolio/img/nature.jpg 200
[ Info: /portfolio/img/mountains.jpg 200
[ Info: /portfolio/portfolio.js 200
[ Info: /portfolio/index.html 200
[ Info: /portfolio/portfolio.js 200
[ Info: /portfolio/img/nature.jpg 200
[ Info: /portfolio/img/am-world-timeline.png 200
[ Info: /portfolio/img/mountains.jpg 200
[ Info: /portfolio/img/apex-column-line.png 200
[ Info: /portfolio/img/p3.jpg 200
[ Info: /portfolio/index.html 200
[ Info: /portfolio/portfolio.js 200
[ Info: /portfolio/img/p3.jpg 200
[ Info: /portfolio/img/mountains.jpg 200
[ Info: /portfolio/img/nature.jpg 200
[ Info: /portfolio/img/am-world-timeline.png 200
[ Info: /portfolio/img/apex-column-line.png 200
[ Info: /portfolio/index.html 200
[ Info: /portfolio/img/am-world-timeline.png 200
[ Info: /portfolio/portfolio.js 200
[ Info: /portfolio/img/apex-column-line.png 200
[ Info: /portfolio/img/nature.jpg 200
[ Info: /portfolio/img/mountains.jpg 200
[ Info: /portfolio/img/p3.jpg 200
[ Info: /portfolio/index.html 200
[ Info: /portfolio/portfolio.js 200
[ Info: /portfolio/img/am-world-timeline.png 200
[ Info: /portfolio/img/apex-column-line.png 200
[ Info: /portfolio/img/nature.jpg 200
[ Info: /portfolio/img/mountains.jpg 200
[ Info: /portfolio/img/p3.jpg 200
[ Info: /portfolio/index.html 200
[ Info: /portfolio/portfolio.js 200
[ Info: /portfolio/img/apex-column-line.png 200
[ Info: /portfolio/img/nature.jpg 200
[ Info: /portfolio/img/am-world-timeline.png 200
[ Info: /portfolio/img/p3.jpg 200
[ Info: /portfolio/img/mountains.jpg 200
[ Info: /portfolio/index.html 200
[ Info: /portfolio/img/p3.jpg 200
[ Info: /portfolio/img/nature.jpg 200
[ Info: /portfolio/img/mountains.jpg 200
[ Info: /portfolio/img/am-world-timeline.png 200
[ Info: /portfolio/img/apex-column-line.png 200
[ Info: /portfolio/portfolio.js 200
[ Info: /portfolio/index.html 200
[ Info: /portfolio/img/apex-column-line.png 200
[ Info: /portfolio/img/nature.jpg 200
[ Info: /portfolio/img/mountains.jpg 200
[ Info: /portfolio/img/am-world-timeline.png 200
[ Info: /portfolio/portfolio.js 200
[ Info: /portfolio/img/p3.jpg 200
[ Info: /portfolio/index.html 200
[ Info: /portfolio/img/am-world-timeline.png 200
[ Info: /portfolio/img/mountains.jpg 200
[ Info: /portfolio/img/nature.jpg 200
[ Info: /portfolio/img/p3.jpg 200
[ Info: /portfolio/img/apex-column-line.png 200
[ Info: /portfolio/portfolio.js 200

signal (15): Terminated
in expression starting at /home/bohachu/cameo_motion/genie/genie.jl:39
epoll_pwait at /lib/x86_64-linux-gnu/libc.so.6 (unknown line)
uv__io_poll at /workspace/srcdir/libuv/src/unix/linux-core.c:270
uv_run at /workspace/srcdir/libuv/src/unix/core.c:359
jl_task_get_next at /buildworker/worker/package_linux64/build/src/partr.c:473
poptask at ./task.jl:704
wait at ./task.jl:712 [inlined]
wait at ./condition.jl:106
_trywait at ./asyncevent.jl:110
wait at ./asyncevent.jl:128 [inlined]
sleep at ./asyncevent.jl:213 [inlined]
_add_require at /home/bohachu/.julia/packages/Revise/nWJXk/src/pkgs.jl:199
_jl_invoke at /buildworker/worker/package_linux64/build/src/gf.c:2214 [inlined]
jl_apply_generic at /buildworker/worker/package_linux64/build/src/gf.c:2398
jl_apply at /buildworker/worker/package_linux64/build/src/julia.h:1690 [inlined]
do_apply at /buildworker/worker/package_linux64/build/src/builtins.c:655
TaskThunk at /home/bohachu/.julia/packages/Revise/nWJXk/src/types.jl:272
jfptr_TaskThunk_25579 at /home/bohachu/julia-1.5.2/lib/julia/sys.so (unknown line)
_jl_invoke at /buildworker/worker/package_linux64/build/src/gf.c:2214 [inlined]
jl_apply_generic at /buildworker/worker/package_linux64/build/src/gf.c:2398
jl_apply at /buildworker/worker/package_linux64/build/src/julia.h:1690 [inlined]
start_task at /buildworker/worker/package_linux64/build/src/task.c:707
unknown function (ip: (nil))
unknown function (ip: (nil))
Allocations: 21834566 (Pool: 21828152; Big: 6414); GC: 26
[ Info: /hi 200
[ Info: /hi 200
[ Info: /portfolio/index.html 200
[ Info: /portfolio/portfolio.js 200
[ Info: /portfolio/img/mountains.jpg 200
[ Info: /portfolio/img/nature.jpg 200
[ Info: /portfolio/img/am-world-timeline.png 200
[ Info: /portfolio/img/apex-column-line.png 200
[ Info: /portfolio/img/p3.jpg 200
[ Info: /hi 200
[ Info: /portfolio/index.html 200
[ Info: /portfolio/portfolio.js 200
[ Info: /portfolio/img/apex-column-line.png 200
[ Info: /portfolio/img/p3.jpg 200
[ Info: /portfolio/img/mountains.jpg 200
[ Info: /portfolio/img/nature.jpg 200
[ Info: /portfolio/img/am-world-timeline.png 200
[ Info: /portfolio/index.html 200
[ Info: /portfolio/portfolio.js 200
[ Info: /portfolio/img/p3.jpg 200
[ Info: /portfolio/img/mountains.jpg 200
[ Info: /portfolio/img/nature.jpg 200
[ Info: /portfolio/img/am-world-timeline.png 200
[ Info: /portfolio/img/apex-column-line.png 200
http://35.229.174.180:18866/jl?jl=請列出數據動圖模板有哪些&params=[]
http://35.229.174.180:18866/api/img/apex-column-line.png

signal (15): Terminated
in expression starting at /home/bohachu/cameo_motion/genie/genie.jl:39
epoll_pwait at /lib/x86_64-linux-gnu/libc.so.6 (unknown line)
uv__io_poll at /workspace/srcdir/libuv/src/unix/linux-core.c:270
uv_run at /workspace/srcdir/libuv/src/unix/core.c:359
jl_task_get_next at /buildworker/worker/package_linux64/build/src/partr.c:473
poptask at ./task.jl:704
wait at ./task.jl:712 [inlined]
wait at ./condition.jl:106
_trywait at ./asyncevent.jl:110
wait at ./asyncevent.jl:128 [inlined]
sleep at ./asyncevent.jl:213 [inlined]
_add_require at /home/bohachu/.julia/packages/Revise/nWJXk/src/pkgs.jl:199
_jl_invoke at /buildworker/worker/package_linux64/build/src/gf.c:2214 [inlined]
jl_apply_generic at /buildworker/worker/package_linux64/build/src/gf.c:2398
jl_apply at /buildworker/worker/package_linux64/build/src/julia.h:1690 [inlined]
do_apply at /buildworker/worker/package_linux64/build/src/builtins.c:655
TaskThunk at /home/bohachu/.julia/packages/Revise/nWJXk/src/types.jl:272
jfptr_TaskThunk_25579 at /home/bohachu/julia-1.5.2/lib/julia/sys.so (unknown line)
_jl_invoke at /buildworker/worker/package_linux64/build/src/gf.c:2214 [inlined]
jl_apply_generic at /buildworker/worker/package_linux64/build/src/gf.c:2398
jl_apply at /buildworker/worker/package_linux64/build/src/julia.h:1690 [inlined]
start_task at /buildworker/worker/package_linux64/build/src/task.c:707
unknown function (ip: (nil))
unknown function (ip: (nil))
Allocations: 23011632 (Pool: 23006604; Big: 5028); GC: 22
[ Info: Listening on: 0.0.0.0:18866
[ Info: /portfolio/index.html 200
[ Info: /portfolio/portfolio.js 200
[ Info: /portfolio/img/am-world-timeline.png 200
[ Info: /portfolio/img/mountains.jpg 200
[ Info: /portfolio/img/p3.jpg 200
[ Info: /portfolio/img/apex-column-line.png 200
[ Info: /portfolio/img/nature.jpg 200
[ Info: /portfolio/index.html 200
[ Info: /portfolio/img/mountains.jpg 200
[ Info: /portfolio/img/nature.jpg 200
[ Info: /portfolio/img/am-world-timeline.png 200
[ Info: /portfolio/img/apex-column-line.png 200
[ Info: /portfolio/portfolio.js 200
[ Info: /portfolio/img/p3.jpg 200
[ Info: /favicon.ico 200
[ Info: /portfolio/index.html 200
[ Info: /portfolio/portfolio.js 200
[ Info: /portfolio/img/p3.jpg 200
[ Info: /portfolio/img/mountains.jpg 200
[ Info: /portfolio/img/nature.jpg 200
[ Info: /portfolio/img/am-world-timeline.png 200
[ Info: /portfolio/img/apex-column-line.png 200
[ Info: /portfolio/index.html 200
[ Info: /portfolio/img/mountains.jpg 200
[ Info: /portfolio/img/am-world-timeline.png 200
[ Info: /portfolio/img/nature.jpg 200
[ Info: /portfolio/img/apex-column-line.png 200
[ Info: /portfolio/portfolio.js 200
[ Info: /portfolio/img/p3.jpg 200
[ Info: /portfolio/index.html 200
[ Info: /portfolio/img/mountains.jpg 200
[ Info: /portfolio/img/nature.jpg 200
[ Info: /portfolio/img/am-world-timeline.png 200
[ Info: /portfolio/img/apex-column-line.png 200
[ Info: /portfolio/portfolio.js 200
[ Info: /portfolio/img/p3.jpg 200
[ Info: /portfolio/index.html 200
[ Info: /portfolio/img/mountains.jpg 200
[ Info: /portfolio/img/nature.jpg 200
[ Info: /portfolio/img/apex-column-line.png 200
[ Info: /portfolio/img/am-world-timeline.png 200
[ Info: /portfolio/portfolio.js 200
[ Info: /portfolio/img/p3.jpg 200
[ Info: /portfolio/index.html 200
[ Info: /portfolio/img/mountains.jpg 200
[ Info: /portfolio/img/am-world-timeline.png 200
[ Info: /portfolio/img/nature.jpg 200
[ Info: /portfolio/img/apex-column-line.png 200
[ Info: /portfolio/portfolio.js 200
[ Info: /portfolio/img/p3.jpg 200
[ Info: /portfolio/index.html 200
[ Info: /portfolio/img/mountains.jpg 200
[ Info: /portfolio/img/nature.jpg 200
[ Info: /portfolio/img/am-world-timeline.png 200
[ Info: /portfolio/portfolio.js 200
[ Info: /portfolio/img/apex-column-line.png 200
[ Info: /portfolio/img/p3.jpg 200
[ Info: /portfolio/index.html 200
[ Info: /portfolio/portfolio.js 200
[ Info: /portfolio/img/mountains.jpg 200
[ Info: /portfolio/img/nature.jpg 200
[ Info: /portfolio/img/am-world-timeline.png 200
[ Info: /portfolio/img/apex-column-line.png 200
[ Info: /portfolio/img/p3.jpg 200
[ Info: /portfolio/index.html 200
[ Info: /portfolio/index.html 200
[ Info: /portfolio/portfolio.js 200
[ Info: /portfolio/img/p3.jpg 200
[ Info: /portfolio/img/mountains.jpg 200
[ Info: /portfolio/img/nature.jpg 200
[ Info: /portfolio/img/apex-column-line.png 200
[ Info: /portfolio/img/am-world-timeline.png 200
[ Info: /portfolio/portfolio.js 200
[ Info: /portfolio/img/apex-column-line.png 200
[ Info: /portfolio/img/am-world-timeline.png 200
[ Info: /portfolio/img/nature.jpg 200
[ Info: /portfolio/img/mountains.jpg 200
[ Info: /favicon.ico 200
[ Info: /portfolio/img/p3.jpg 200
[ Info: /portfolio/index.html 200
[ Info: /portfolio/index.html 200
[ Info: /portfolio/img/apex-column-line.png 200
[ Info: /portfolio/portfolio.js 200
[ Info: /portfolio/img/nature.jpg 200
[ Info: /portfolio/img/mountains.jpg 200
[ Info: /portfolio/img/am-world-timeline.png 200
[ Info: /portfolio/img/p3.jpg 200
[ Info: /portfolio/img/apex-column-line.png 200
[ Info: /portfolio/portfolio.js 200
[ Info: /portfolio/img/am-world-timeline.png 200
[ Info: /portfolio/img/nature.jpg 200
[ Info: /portfolio/img/mountains.jpg 200
[ Info: /portfolio/img/p3.jpg 200
[ Info: /portfolio/index.html 200
[ Info: /portfolio/img/p3.jpg 200
[ Info: /portfolio/img/mountains.jpg 200
[ Info: /portfolio/img/nature.jpg 200
[ Info: /portfolio/img/am-world-timeline.png 200
[ Info: /portfolio/img/apex-column-line.png 200
[ Info: /portfolio/portfolio.js 200
[ Info: /polymer/after_es_dev.html 200
[ Info: /polymer/node_modules/@material/mwc-button/mwc-button.js 200
[ Info: /portfolio/index.html 200
[ Info: /portfolio/portfolio.js 200
[ Info: /portfolio/img/am-world-timeline.png 200
[ Info: /portfolio/img/apex-column-line.png 200
[ Info: /portfolio/img/p3.jpg 200
[ Info: /portfolio/img/mountains.jpg 200
[ Info: /portfolio/img/nature.jpg 200
[ Info: /vue/edit.html 200
[ Info: /vue/edit.html 200
[ Info: /favicon.ico 200
[ Info: /vue/edit.html 200
[ Info: /favicon.ico 200
http://35.185.170.85:18866/jl?jl=請列出數據動圖模板有哪些&params=[]
http://35.185.170.85:18866/api/img/apex-column-line.png
